- Nikto v2.1.6
---------------------------------------------------------------------------
+ Target IP:          10.10.10.239
+ Target Hostname:    10.10.10.239
+ Target Port:        80
+ Start Time:         2021-05-17 16:53:25 (GMT-4)
---------------------------------------------------------------------------
+ Server: Apache/2.4.46 (Win64) OpenSSL/1.1.1j PHP/7.3.27
+ Retrieved x-powered-by header: PHP/7.3.27
+ The anti-clickjacking X-Frame-Options header is not present.
+ The X-XSS-Protection header is not defined. This header can hint to the user agent to protect against some forms of XSS
+ The X-Content-Type-Options header is not set. This could allow the user agent to render the content of the site in a different fashion to the MIME type
+ Cookie PHPSESSID created without the httponly flag
+ Web Server returns a valid response with junk HTTP methods, this may cause false positives.
+ OSVDB-877: HTTP TRACE method is active, suggesting the host is vulnerable to XST
+ Scan terminated:  14 error(s) and 7 item(s) reported on remote host
+ End Time:           2021-05-17 17:09:30 (GMT-4) (965 seconds)
---------------------------------------------------------------------------
+ 1 host(s) tested


      *********************************************************************
      Portions of the server's headers (PHP/7.3.27 Apache/2.4.46) are not in
      the Nikto 2.1.6 database or are newer than the known string. Would you like
      to submit this information (*no server specific data*) to CIRT.net
      for a Nikto update (or you may email to sullo@cirt.net) (y/n)? 
+ The anti-clickjacking X-Frame-Options header is not present.
+ The X-XSS-Protection header is not defined. This header can hint to the user agent to protect against some forms of XSS
+ The site uses SSL and the Strict-Transport-Security HTTP header is not defined.
+ The site uses SSL and Expect-CT header is not present.
- Sent updated info to cirt.net -- Thank you!










