Starting Nmap 7.91 ( https://nmap.org ) at 2021-05-17 16:39 EDT
Stats: 0:12:31 elapsed; 0 hosts completed (1 up), 1 undergoing SYN Stealth Scan
SYN Stealth Scan Timing: About 70.37% done; ETC: 16:57 (0:05:17 remaining)
Nmap scan report for 10.10.10.239
Host is up (0.32s latency).
Not shown: 65517 closed ports
PORT      STATE SERVICE      VERSION
80/tcp    open  http?
135/tcp   open  msrpc        Microsoft Windows RPC
139/tcp   open  netbios-ssn  Microsoft Windows netbios-ssn
443/tcp   open  ssl/http     Apache httpd 2.4.46 (OpenSSL/1.1.1j PHP/7.3.27)
|_http-server-header: Apache/2.4.46 (Win64) OpenSSL/1.1.1j PHP/7.3.27
|_http-title: 403 Forbidden
| ssl-cert: Subject: commonName=staging.love.htb/organizationName=ValentineCorp/stateOrProvinceName=m/countryName=in
| Not valid before: 2021-01-18T14:00:16
|_Not valid after:  2022-01-18T14:00:16
|_ssl-date: TLS randomness does not represent time
| tls-alpn: 
|_  http/1.1
445/tcp   open  microsoft-ds Windows 10 Pro 19042 microsoft-ds (workgroup: WORKGROUP)
3306/tcp  open  mysql?
5000/tcp  open  http         Apache httpd 2.4.46 (OpenSSL/1.1.1j PHP/7.3.27)
|_http-server-header: Apache/2.4.46 (Win64) OpenSSL/1.1.1j PHP/7.3.27
|_http-title: 403 Forbidden
5040/tcp  open  unknown
5985/tcp  open  http         Microsoft HTTPAPI httpd 2.0 (SSDP/UPnP)
|_http-server-header: Microsoft-HTTPAPI/2.0
|_http-title: Not Found
5986/tcp  open  ssl/http     Microsoft HTTPAPI httpd 2.0 (SSDP/UPnP)
|_http-server-header: Microsoft-HTTPAPI/2.0
|_http-title: Not Found
| ssl-cert: Subject: commonName=LOVE
| Subject Alternative Name: DNS:LOVE, DNS:Love
| Not valid before: 2021-04-11T14:39:19
|_Not valid after:  2024-04-10T14:39:19
|_ssl-date: 2021-05-17T21:26:07+00:00; +21m33s from scanner time.
| tls-alpn: 
|_  http/1.1
47001/tcp open  http         Microsoft HTTPAPI httpd 2.0 (SSDP/UPnP)
|_http-server-header: Microsoft-HTTPAPI/2.0
|_http-title: Not Found
49664/tcp open  msrpc        Microsoft Windows RPC
49665/tcp open  msrpc        Microsoft Windows RPC
49666/tcp open  msrpc        Microsoft Windows RPC
49667/tcp open  msrpc        Microsoft Windows RPC
49668/tcp open  msrpc        Microsoft Windows RPC
49669/tcp open  msrpc        Microsoft Windows RPC
49670/tcp open  msrpc        Microsoft Windows RPC
No exact OS matches for host (If you know what OS is running on it, see https://nmap.org/submit/ ).
TCP/IP fingerprint:
OS:SCAN(V=7.91%E=4%D=5/17%OT=80%CT=1%CU=31489%PV=Y%DS=2%DC=T%G=Y%TM=60A2DA6
OS:A%P=x86_64-pc-linux-gnu)SEQ(SP=104%GCD=1%ISR=10A%CI=I%II=I%TS=U)SEQ(SP=1
OS:04%GCD=1%ISR=10A%CI=RD%TS=U)OPS(O1=M54BNW8NNS%O2=M54BNW8NNS%O3=M54BNW8%O
OS:4=M54BNW8NNS%O5=M54BNW8NNS%O6=M54BNNS)WIN(W1=FFFF%W2=FFFF%W3=FFFF%W4=FFF
OS:F%W5=FFFF%W6=FF70)ECN(R=Y%DF=Y%T=80%W=FFFF%O=M54BNW8NNS%CC=N%Q=)T1(R=Y%D
OS:F=Y%T=80%S=O%A=S+%F=AS%RD=0%Q=)T2(R=Y%DF=Y%T=80%W=0%S=Z%A=S%F=AR%O=%RD=0
OS:%Q=)T3(R=Y%DF=Y%T=80%W=0%S=Z%A=O%F=AR%O=%RD=0%Q=)T4(R=Y%DF=Y%T=80%W=0%S=
OS:A%A=O%F=R%O=%RD=0%Q=)T5(R=Y%DF=Y%T=80%W=0%S=Z%A=S+%F=AR%O=%RD=0%Q=)T6(R=
OS:Y%DF=Y%T=80%W=0%S=A%A=O%F=R%O=%RD=0%Q=)T7(R=Y%DF=Y%T=80%W=0%S=Z%A=S+%F=A
OS:R%O=%RD=0%Q=)U1(R=Y%DF=N%T=80%IPL=164%UN=0%RIPL=G%RID=G%RIPCK=G%RUCK=G%R
OS:UD=G)IE(R=Y%DFI=N%T=80%CD=Z)

Network Distance: 2 hops
Service Info: Hosts: www.example.com, LOVE, www.love.htb; OS: Windows; CPE: cpe:/o:microsoft:windows

Host script results:
|_clock-skew: mean: 2h06m36s, deviation: 3h30m05s, median: 21m33s
| smb-os-discovery: 
|   OS: Windows 10 Pro 19042 (Windows 10 Pro 6.3)
|   OS CPE: cpe:/o:microsoft:windows_10::-
|   Computer name: Love
|   NetBIOS computer name: LOVE\x00
|   Workgroup: WORKGROUP\x00
|_  System time: 2021-05-17T14:24:27-07:00
| smb-security-mode: 
|   account_used: guest
|   authentication_level: user
|   challenge_response: supported
|_  message_signing: disabled (dangerous, but default)
| smb2-security-mode: 
|   2.02: 
|_    Message signing enabled but not required
| smb2-time: 
|   date: 2021-05-17T21:24:25
|_  start_date: N/A

TRACEROUTE (using port 554/tcp)
HOP RTT       ADDRESS
1   147.97 ms 10.10.16.1
2   337.76 ms 10.10.10.239

OS and Service detection performed. Please report any incorrect results at https://nmap.org/submit/ .
Nmap done: 1 IP address (1 host up) scanned in 1496.83 seconds
