C:\>dir
 Volume in drive C has no label.
 Volume Serial Number is 56DE-BA30

 Directory of C:\

04/21/2021  09:52 AM    <DIR>          Administration
12/07/2019  02:14 AM    <DIR>          PerfLogs
04/21/2021  09:55 AM    <DIR>          Program Files
11/19/2020  12:42 AM    <DIR>          Program Files (x86)
04/13/2021  06:58 AM    <DIR>          Users
05/17/2021  10:58 AM    <DIR>          Windows
04/12/2021  12:27 PM    <DIR>          xampp
               0 File(s)              0 bytes
               7 Dir(s)   1,891,577,856 bytes free

C:\>getuid
'getuid' is not recognized as an internal or external command,
operable program or batch file.

C:\>systeminfo

Host Name:                 LOVE
OS Name:                   Microsoft Windows 10 Pro
OS Version:                10.0.19042 N/A Build 19042
OS Manufacturer:           Microsoft Corporation
OS Configuration:          Standalone Workstation
OS Build Type:             Multiprocessor Free
Registered Owner:          roy
Registered Organization:   
Product ID:                00330-80112-18556-AA148
Original Install Date:     4/12/2021, 1:14:12 PM
System Boot Time:          5/17/2021, 10:54:41 AM
System Manufacturer:       VMware, Inc.
System Model:              VMware7,1
System Type:               x64-based PC
Processor(s):              1 Processor(s) Installed.
                           [01]: AMD64 Family 23 Model 1 Stepping 2 AuthenticAMD ~2000 Mhz
BIOS Version:              VMware, Inc. VMW71.00V.13989454.B64.1906190538, 6/19/2019
Windows Directory:         C:\WINDOWS
System Directory:          C:\WINDOWS\system32
Boot Device:               \Device\HarddiskVolume3
System Locale:             en-us;English (United States)
Input Locale:              en-us;English (United States)
Time Zone:                 (UTC-08:00) Pacific Time (US & Canada)
Total Physical Memory:     4,095 MB
Available Physical Memory: 1,983 MB
Virtual Memory: Max Size:  4,799 MB
Virtual Memory: Available: 2,266 MB
Virtual Memory: In Use:    2,533 MB
Page File Location(s):     C:\pagefile.sys
Domain:                    WORKGROUP
Logon Server:              \\LOVE
Hotfix(s):                 9 Hotfix(s) Installed.
                           [01]: KB4601554
                           [02]: KB4562830
                           [03]: KB4570334
                           [04]: KB4577586
                           [05]: KB4580325
                           [06]: KB4586864
                           [07]: KB4589212
                           [08]: KB5001330
                           [09]: KB5001405
Network Card(s):           1 NIC(s) Installed.
                           [01]: vmxnet3 Ethernet Adapter
                                 Connection Name: Ethernet0 2
                                 DHCP Enabled:    No
                                 IP address(es)
                                 [01]: 10.10.10.239
Hyper-V Requirements:      A hypervisor has been detected. Features required for Hyper-V will not be displayed.

