nmap:

POST / HTTP/1.1

Host: 10.10.10.226:5000

User-Agent: Mozilla/5.0 (X11; Linux x86_64; rv:78.0) Gecko/20100101 Firefox/78.0

Accept: text/html,application/xhtml+xml,application/xml;q=0.9,image/webp,*/*;q=0.8

Accept-Language: en-US,en;q=0.5

Accept-Encoding: gzip, deflate

Content-Type: application/x-www-form-urlencoded

Content-Length: 27

Origin: http://10.10.10.226:5000

Connection: close

Referer: http://10.10.10.226:5000/

Upgrade-Insecure-Requests: 1



ip=10.10.10.226&action=scan

----------------------------------------------------------------

payloads: 

POST / HTTP/1.1

Host: 10.10.10.226:5000

User-Agent: Mozilla/5.0 (X11; Linux x86_64; rv:78.0) Gecko/20100101 Firefox/78.0

Accept: text/html,application/xhtml+xml,application/xml;q=0.9,image/webp,*/*;q=0.8

Accept-Language: en-US,en;q=0.5

Accept-Encoding: gzip, deflate

Content-Type: multipart/form-data; boundary=---------------------------1076936856447440114276806756

Content-Length: 576

Origin: http://10.10.10.226:5000

Connection: close

Referer: http://10.10.10.226:5000/

Upgrade-Insecure-Requests: 1



-----------------------------1076936856447440114276806756

Content-Disposition: form-data; name="os"



linux

-----------------------------1076936856447440114276806756

Content-Disposition: form-data; name="lhost"



10.10.16.193

-----------------------------1076936856447440114276806756

Content-Disposition: form-data; name="template"; filename=""

Content-Type: application/octet-stream





-----------------------------1076936856447440114276806756

Content-Disposition: form-data; name="action"



generate

-----------------------------1076936856447440114276806756--

